MyDaputyAndroid/app/manifest-merger-release-report.txt
-- Merging decision tree log ---
manifest
ADDED from AndroidManifest.xml:2:1
	package
		ADDED from AndroidManifest.xml:4:5
		INJECTED from AndroidManifest.xml:0:0
		INJECTED from AndroidManifest.xml:0:0
	android:versionName
		ADDED from AndroidManifest.xml:6:5
	android:versionCode
		ADDED from AndroidManifest.xml:5:5
		INJECTED from AndroidManifest.xml:0:0
		INJECTED from AndroidManifest.xml:0:0
	xmlns:android
		ADDED from AndroidManifest.xml:3:5
uses-sdk
ADDED from AndroidManifest.xml:8:5
MERGED from com.android.support:support-v4:21.0.0:15:5
MERGED from com.android.support:appcompat-v7:21.0.0:15:5
MERGED from com.android.support:support-v4:21.0.0:15:5
MERGED from com.melnykov:floatingactionbutton:1.1.0:8:5
MERGED from com.android.support:recyclerview-v7:21.0.0:15:5
MERGED from com.android.support:support-v4:21.0.0:15:5
	android:targetSdkVersion
		INJECTED from AndroidManifest.xml:0:0
		INJECTED from AndroidManifest.xml:0:0
	android:minSdkVersion
		ADDED from AndroidManifest.xml:8:15
		INJECTED from AndroidManifest.xml:0:0
		INJECTED from AndroidManifest.xml:0:0
uses-permission#android.permission.INTERNET
ADDED from AndroidManifest.xml:10:4
	android:name
		ADDED from AndroidManifest.xml:10:21
uses-permission#android.permission.WRITE_EXTERNAL_STORAGE
ADDED from AndroidManifest.xml:12:5
	android:name
		ADDED from AndroidManifest.xml:12:22
android:uses-permission#android.permission.READ_PHONE_STATE
ADDED from AndroidManifest.xml:14:5
	android:name
		ADDED from AndroidManifest.xml:14:30
application
ADDED from AndroidManifest.xml:16:5
MERGED from com.android.support:support-v4:21.0.0:16:5
MERGED from com.android.support:appcompat-v7:21.0.0:16:5
MERGED from com.android.support:support-v4:21.0.0:16:5
MERGED from com.melnykov:floatingactionbutton:1.1.0:12:5
MERGED from com.android.support:recyclerview-v7:21.0.0:17:5
MERGED from com.android.support:support-v4:21.0.0:16:5
	android:label
		ADDED from AndroidManifest.xml:19:9
	android:hardwareAccelerated
		ADDED from AndroidManifest.xml:18:9
	android:icon
		ADDED from AndroidManifest.xml:22:9
	android:theme
		ADDED from AndroidManifest.xml:20:9
	android:logo
		ADDED from AndroidManifest.xml:21:9
	android:name
		ADDED from AndroidManifest.xml:17:9
activity#com.zeus.android.mydeputy.app.MainActivity
ADDED from AndroidManifest.xml:23:9
	android:label
		ADDED from AndroidManifest.xml:25:13
	android:theme
		ADDED from AndroidManifest.xml:26:13
	android:name
		ADDED from AndroidManifest.xml:24:13
intent-filter#android.intent.action.MAIN+android.intent.category.LAUNCHER+com.zeus.android.mydeputy.app.MainActivity
ADDED from AndroidManifest.xml:28:13
action#android.intent.action.MAIN
ADDED from AndroidManifest.xml:29:17
	android:name
		ADDED from AndroidManifest.xml:29:25
action#com.zeus.android.mydeputy.app.MainActivity
ADDED from AndroidManifest.xml:30:17
	android:name
		ADDED from AndroidManifest.xml:30:25
category#android.intent.category.LAUNCHER
ADDED from AndroidManifest.xml:31:17
	android:name
		ADDED from AndroidManifest.xml:31:27
activity#com.zeus.android.mydeputy.app.citizen.CitizenMainActivity
ADDED from AndroidManifest.xml:34:9
	android:screenOrientation
		ADDED from AndroidManifest.xml:38:13
	android:label
		ADDED from AndroidManifest.xml:36:13
	android:theme
		ADDED from AndroidManifest.xml:37:13
	android:name
		ADDED from AndroidManifest.xml:35:13
activity#com.zeus.android.mydeputy.app.citizen.AppealCreateActivity
ADDED from AndroidManifest.xml:40:9
	android:screenOrientation
		ADDED from AndroidManifest.xml:44:13
	android:label
		ADDED from AndroidManifest.xml:42:13
	android:theme
		ADDED from AndroidManifest.xml:43:13
	android:name
		ADDED from AndroidManifest.xml:41:13
activity#com.zeus.android.mydeputy.app.citizen.QuizSingleVoteActivity
ADDED from AndroidManifest.xml:45:9
	android:screenOrientation
		ADDED from AndroidManifest.xml:49:13
	android:label
		ADDED from AndroidManifest.xml:47:13
	android:theme
		ADDED from AndroidManifest.xml:48:13
	android:name
		ADDED from AndroidManifest.xml:46:13
activity#com.zeus.android.mydeputy.app.citizen.NewsSingleActivity
ADDED from AndroidManifest.xml:50:9
	android:screenOrientation
		ADDED from AndroidManifest.xml:55:13
	android:label
		ADDED from AndroidManifest.xml:52:13
	android:windowSoftInputMode
		ADDED from AndroidManifest.xml:53:13
	android:theme
		ADDED from AndroidManifest.xml:54:13
	android:name
		ADDED from AndroidManifest.xml:51:13
activity#com.zeus.android.mydeputy.app.deputy.AppealCitizenActivity
ADDED from AndroidManifest.xml:56:9
	android:screenOrientation
		ADDED from AndroidManifest.xml:60:13
	android:label
		ADDED from AndroidManifest.xml:58:13
	android:theme
		ADDED from AndroidManifest.xml:59:13
	android:name
		ADDED from AndroidManifest.xml:57:13
activity#com.zeus.android.mydeputy.app.deputy.QuizCreateActivity
ADDED from AndroidManifest.xml:61:9
	android:screenOrientation
		ADDED from AndroidManifest.xml:65:13
	android:label
		ADDED from AndroidManifest.xml:63:13
	android:theme
		ADDED from AndroidManifest.xml:64:13
	android:name
		ADDED from AndroidManifest.xml:62:13
activity#com.zeus.android.mydeputy.app.deputy.NewsCreateActivity
ADDED from AndroidManifest.xml:66:9
	android:screenOrientation
		ADDED from AndroidManifest.xml:70:13
	android:label
		ADDED from AndroidManifest.xml:68:13
	android:theme
		ADDED from AndroidManifest.xml:69:13
	android:name
		ADDED from AndroidManifest.xml:67:13
activity#com.zeus.android.mydeputy.app.deputy.NewsSingleActivity
ADDED from AndroidManifest.xml:71:9
	android:screenOrientation
		ADDED from AndroidManifest.xml:75:13
	android:label
		ADDED from AndroidManifest.xml:73:13
	android:theme
		ADDED from AndroidManifest.xml:74:13
	android:name
		ADDED from AndroidManifest.xml:72:13
activity#com.zeus.android.mydeputy.app.deputy.QuizSingleActivity
ADDED from AndroidManifest.xml:76:9
	android:screenOrientation
		ADDED from AndroidManifest.xml:80:13
	android:label
		ADDED from AndroidManifest.xml:78:13
	android:theme
		ADDED from AndroidManifest.xml:79:13
	android:name
		ADDED from AndroidManifest.xml:77:13
activity#com.zeus.android.mydeputy.app.deputy.DeputyMainActivity
ADDED from AndroidManifest.xml:81:9
	android:screenOrientation
		ADDED from AndroidManifest.xml:85:13
	android:label
		ADDED from AndroidManifest.xml:83:13
	android:theme
		ADDED from AndroidManifest.xml:84:13
	android:name
		ADDED from AndroidManifest.xml:82:13
activity#android.support.v7.widget.TestActivity
ADDED from com.android.support:recyclerview-v7:21.0.0:18:9
	android:label
		ADDED from com.android.support:recyclerview-v7:21.0.0:18:19
	android:name
		ADDED from com.android.support:recyclerview-v7:21.0.0:18:60